<?xml version="1.0" encoding="UTF-8"?>
<testsuite xmlns:xsi="http://www.w3.org/2001/XMLSchema-instance" xsi:noNamespaceSchemaLocation="https://maven.apache.org/surefire/maven-surefire-plugin/xsd/surefire-test-report-3.0.xsd" version="3.0" name="com.example.productapplication.ProductApplicationTests" time="5.504" tests="1" errors="0" skipped="0" failures="0">
  <properties>
[...]
</properties>
  <testcase name="contextLoads" classname="com.example.productapplication.ProductApplicationTests" time="0.112">
    <system-out><![CDATA[16:24:13.610 [main] DEBUG org.springframework.test.context.BootstrapUtils - Instantiating CacheAwareContextLoaderDelegate from class [org.springframework.test.context.cache.DefaultCacheAwareContextLoaderDelegate]
16:24:13.625 [main] DEBUG org.springframework.test.context.BootstrapUtils - Instantiating BootstrapContext using constructor [public org.springframework.test.context.support.DefaultBootstrapContext(java.lang.Class,org.springframework.test.context.CacheAwareContextLoaderDelegate)]
16:24:13.657 [main] DEBUG org.springframework.test.context.BootstrapUtils - Instantiating TestContextBootstrapper for test class [com.example.productapplication.ProductApplicationTests] from class [org.springframework.boot.test.context.SpringBootTestContextBootstrapper]
16:24:13.674 [main] INFO org.springframework.boot.test.context.SpringBootTestContextBootstrapper - Neither @ContextConfiguration nor @ContextHierarchy found for test class [com.example.productapplication.ProductApplicationTests], using SpringBootContextLoader
16:24:13.683 [main] DEBUG org.springframework.test.context.support.AbstractContextLoader - Did not detect default resource location for test class [com.example.productapplication.ProductApplicationTests]: class path resource [com/example/productapplication/ProductApplicationTests-context.xml] does not exist
16:24:13.683 [main] DEBUG org.springframework.test.context.support.AbstractContextLoader - Did not detect default resource location for test class [com.example.productapplication.ProductApplicationTests]: class path resource [com/example/productapplication/ProductApplicationTestsContext.groovy] does not exist
16:24:13.683 [main] INFO org.springframework.test.context.support.AbstractContextLoader - Could not detect default resource locations for test class [com.example.productapplication.ProductApplicationTests]: no resource found for suffixes {-context.xml, Context.groovy}.
16:24:13.683 [main] INFO org.springframework.test.context.support.AnnotationConfigContextLoaderUtils - Could not detect default configuration classes for test class [com.example.productapplication.ProductApplicationTests]: ProductApplicationTests does not declare any static, non-private, non-final, nested classes annotated with @Configuration.
16:24:13.742 [main] DEBUG org.springframework.test.context.support.ActiveProfilesUtils - Could not find an 'annotation declaring class' for annotation type [org.springframework.test.context.ActiveProfiles] and class [com.example.productapplication.ProductApplicationTests]
16:24:13.812 [main] DEBUG org.springframework.context.annotation.ClassPathScanningCandidateComponentProvider - Identified candidate component class: file [C:\Users\LENOVO\Desktop\Product-Application\product-application\target\classes\com\example\productapplication\ProductApplication.class]
16:24:13.816 [main] INFO org.springframework.boot.test.context.SpringBootTestContextBootstrapper - Found @SpringBootConfiguration com.example.productapplication.ProductApplication for test class com.example.productapplication.ProductApplicationTests
16:24:13.891 [main] DEBUG org.springframework.boot.test.context.SpringBootTestContextBootstrapper - @TestExecutionListeners is not present for class [com.example.productapplication.ProductApplicationTests]: using defaults.
16:24:13.891 [main] INFO org.springframework.boot.test.context.SpringBootTestContextBootstrapper - Loaded default TestExecutionListener class names from location [META-INF/spring.factories]: [org.springframework.boot.test.mock.mockito.MockitoTestExecutionListener, org.springframework.boot.test.mock.mockito.ResetMocksTestExecutionListener, org.springframework.boot.test.autoconfigure.restdocs.RestDocsTestExecutionListener, org.springframework.boot.test.autoconfigure.web.client.MockRestServiceServerResetTestExecutionListener, org.springframework.boot.test.autoconfigure.web.servlet.MockMvcPrintOnlyOnFailureTestExecutionListener, org.springframework.boot.test.autoconfigure.web.servlet.WebDriverTestExecutionListener, org.springframework.boot.test.autoconfigure.webservices.client.MockWebServiceServerTestExecutionListener, org.springframework.test.context.web.ServletTestExecutionListener, org.springframework.test.context.support.DirtiesContextBeforeModesTestExecutionListener, org.springframework.test.context.event.ApplicationEventsTestExecutionListener, org.springframework.test.context.support.DependencyInjectionTestExecutionListener, org.springframework.test.context.support.DirtiesContextTestExecutionListener, org.springframework.test.context.transaction.TransactionalTestExecutionListener, org.springframework.test.context.jdbc.SqlScriptsTestExecutionListener, org.springframework.test.context.event.EventPublishingTestExecutionListener]
16:24:13.891 [main] INFO org.springframework.boot.test.context.SpringBootTestContextBootstrapper - Using TestExecutionListeners: [org.springframework.test.context.web.ServletTestExecutionListener@34a875b3, org.springframework.test.context.support.DirtiesContextBeforeModesTestExecutionListener@4748a0f9, org.springframework.test.context.event.ApplicationEventsTestExecutionListener@4b14918a, org.springframework.boot.test.mock.mockito.MockitoTestExecutionListener@6d1ef78d, org.springframework.boot.test.autoconfigure.SpringBootDependencyInjectionTestExecutionListener@1a6c1270, org.springframework.test.context.support.DirtiesContextTestExecutionListener@18a136ac, org.springframework.test.context.transaction.TransactionalTestExecutionListener@77d67cf3, org.springframework.test.context.jdbc.SqlScriptsTestExecutionListener@6dee4f1b, org.springframework.test.context.event.EventPublishingTestExecutionListener@176b3f44, org.springframework.boot.test.mock.mockito.ResetMocksTestExecutionListener@6ee6f53, org.springframework.boot.test.autoconfigure.restdocs.RestDocsTestExecutionListener@421bba99, org.springframework.boot.test.autoconfigure.web.client.MockRestServiceServerResetTestExecutionListener@5d12a356, org.springframework.boot.test.autoconfigure.web.servlet.MockMvcPrintOnlyOnFailureTestExecutionListener@134d26af, org.springframework.boot.test.autoconfigure.web.servlet.WebDriverTestExecutionListener@66ac5762, org.springframework.boot.test.autoconfigure.webservices.client.MockWebServiceServerTestExecutionListener@797cf65c]
16:24:13.907 [main] DEBUG org.springframework.test.context.support.AbstractDirtiesContextTestExecutionListener - Before test class: context [DefaultTestContext@77258e59 testClass = ProductApplicationTests, testInstance = [null], testMethod = [null], testException = [null], mergedContextConfiguration = [WebMergedContextConfiguration@5dcd8c7a testClass = ProductApplicationTests, locations = '{}', classes = '{class com.example.productapplication.ProductApplication}', contextInitializerClasses = '[]', activeProfiles = '{}', propertySourceLocations = '{}', propertySourceProperties = '{org.springframework.boot.test.context.SpringBootTestContextBootstrapper=true}', contextCustomizers = set[org.springframework.boot.test.context.filter.ExcludeFilterContextCustomizer@196a42c3, org.springframework.boot.test.json.DuplicateJsonObjectContextCustomizerFactory$DuplicateJsonObjectContextCustomizer@4b29d1d2, org.springframework.boot.test.mock.mockito.MockitoContextCustomizer@0, org.springframework.boot.test.web.client.TestRestTemplateContextCustomizer@33bc72d1, org.springframework.boot.test.autoconfigure.actuate.metrics.MetricsExportContextCustomizerFactory$DisableMetricExportContextCustomizer@710c2b53, org.springframework.boot.test.autoconfigure.properties.PropertyMappingContextCustomizer@0, org.springframework.boot.test.autoconfigure.web.servlet.WebDriverContextCustomizerFactory$Customizer@4082ba93, org.springframework.boot.test.context.SpringBootTestArgs@1, org.springframework.boot.test.context.SpringBootTestWebEnvironment@12405818], resourceBasePath = 'src/main/webapp', contextLoader = 'org.springframework.boot.test.context.SpringBootContextLoader', parent = [null]], attributes = map['org.springframework.test.context.web.ServletTestExecutionListener.activateListener' -> true]], class annotated with @DirtiesContext [false] with mode [null].

  .   ____          _            __ _ _
 /\\ / ___'_ __ _ _(_)_ __  __ _ \ \ \ \
( ( )\___ | '_ | '_| | '_ \/ _` | \ \ \ \
 \\/  ___)| |_)| | | | | || (_| |  ) ) ) )
  '  |____| .__|_| |_|_| |_\__, | / / / /
 =========|_|==============|___/=/_/_/_/
 :: Spring Boot ::                (v2.7.5)

2025-08-01 16:24:14.287  INFO 6468 --- [           main] c.e.p.ProductApplicationTests            : Starting ProductApplicationTests using Java 23.0.2 on LAPTOP-D7TGL4RF with PID 6468 (started by LENOVO in C:\Users\LENOVO\Desktop\Product-Application\product-application)
2025-08-01 16:24:14.287  INFO 6468 --- [           main] c.e.p.ProductApplicationTests            : No active profile set, falling back to 1 default profile: "default"
2025-08-01 16:24:15.040  INFO 6468 --- [           main] .s.d.r.c.RepositoryConfigurationDelegate : Bootstrapping Spring Data JPA repositories in DEFAULT mode.
2025-08-01 16:24:15.108  INFO 6468 --- [           main] .s.d.r.c.RepositoryConfigurationDelegate : Finished Spring Data repository scanning in 53 ms. Found 2 JPA repository interfaces.
2025-08-01 16:24:15.781  INFO 6468 --- [           main] o.hibernate.jpa.internal.util.LogHelper  : HHH000204: Processing PersistenceUnitInfo [name: default]
2025-08-01 16:24:15.836  INFO 6468 --- [           main] org.hibernate.Version                    : HHH000412: Hibernate ORM core version 5.6.12.Final
2025-08-01 16:24:16.007  INFO 6468 --- [           main] o.hibernate.annotations.common.Version   : HCANN000001: Hibernate Commons Annotations {5.1.2.Final}
2025-08-01 16:24:16.124  INFO 6468 --- [           main] com.zaxxer.hikari.HikariDataSource       : HikariPool-1 - Starting...
2025-08-01 16:24:16.490  INFO 6468 --- [           main] com.zaxxer.hikari.HikariDataSource       : HikariPool-1 - Start completed.
2025-08-01 16:24:16.518  INFO 6468 --- [           main] org.hibernate.dialect.Dialect            : HHH000400: Using dialect: org.hibernate.dialect.MySQL8Dialect
2025-08-01 16:24:17.307  INFO 6468 --- [           main] o.h.e.t.j.p.i.JtaPlatformInitiator       : HHH000490: Using JtaPlatform implementation: [org.hibernate.engine.transaction.jta.platform.internal.NoJtaPlatform]
2025-08-01 16:24:17.324  INFO 6468 --- [           main] j.LocalContainerEntityManagerFactoryBean : Initialized JPA EntityManagerFactory for persistence unit 'default'
2025-08-01 16:24:18.061  INFO 6468 --- [           main] o.s.s.web.DefaultSecurityFilterChain     : Will secure any request with [org.springframework.security.web.session.DisableEncodeUrlFilter@3c2188f, org.springframework.security.web.context.request.async.WebAsyncManagerIntegrationFilter@646bf8a6, org.springframework.security.web.context.SecurityContextPersistenceFilter@41d84abb, org.springframework.security.web.header.HeaderWriterFilter@6f87a7c7, org.springframework.security.web.authentication.logout.LogoutFilter@6edb2c7b, com.example.productapplication.security.JwtRequestFilter@22ab1b8a, org.springframework.security.web.savedrequest.RequestCacheAwareFilter@4d7c9b42, org.springframework.security.web.servletapi.SecurityContextHolderAwareRequestFilter@4ef28dc4, org.springframework.security.web.authentication.AnonymousAuthenticationFilter@4a094f90, org.springframework.security.web.session.SessionManagementFilter@6f95654c, org.springframework.security.web.access.ExceptionTranslationFilter@7348e75e, org.springframework.security.web.access.intercept.FilterSecurityInterceptor@2a9565d7]
2025-08-01 16:24:18.280  WARN 6468 --- [           main] JpaBaseConfiguration$JpaWebConfiguration : spring.jpa.open-in-view is enabled by default. Therefore, database queries may be performed during view rendering. Explicitly configure spring.jpa.open-in-view to disable this warning
2025-08-01 16:24:18.891  INFO 6468 --- [           main] c.e.p.ProductApplicationTests            : Started ProductApplicationTests in 4.939 seconds (JVM running for 6.024)
]]></system-out>
  </testcase>
</testsuite>